<?xml version="1.0" encoding="UTF-8"?>
<!-- Generated by org.testng.reporters.JUnitXMLReporter -->
<testsuite ignored="0" hostname="MacBook-Air-de-Igor.local" failures="0" tests="3" name="Command line test" time="2.158" errors="0" timestamp="2023-02-24T14:31:52 BRT">
  <testcase classname="OpenMeteoAPITest" name="testConnection" time="0.296"/>
  <testcase classname="OpenMeteoAPITest" name="testInsertionInMaster" time="0.034"/>
  <testcase classname="OpenMeteoAPITest" name="verifyCSVFile" time="1.75"/>
</testsuite> <!-- Command line test -->
