<?xml version="1.0" encoding="UTF-8"?>
<testng-results ignored="0" total="3" passed="3" failed="0" skipped="0">
  <reporter-output>
  </reporter-output>
  <suite started-at="2023-02-24T14:31:50 BRT" name="OpenMeteoAPITest" finished-at="2023-02-24T14:31:52 BRT" duration-ms="2158">
    <groups>
    </groups>
    <test started-at="2023-02-24T14:31:50 BRT" name="Command line test" finished-at="2023-02-24T14:31:52 BRT" duration-ms="2158">
      <class name="OpenMeteoAPITest">
        <test-method signature="testConnection()[pri:0, instance:OpenMeteoAPITest@3571b748]" started-at="2023-02-24T14:31:50 BRT" name="testConnection" finished-at="2023-02-24T14:31:50 BRT" duration-ms="296" status="PASS">
          <reporter-output>
          </reporter-output>
        </test-method> <!-- testConnection -->
        <test-method signature="testInsertionInMaster()[pri:0, instance:OpenMeteoAPITest@3571b748]" started-at="2023-02-24T14:31:50 BRT" name="testInsertionInMaster" finished-at="2023-02-24T14:31:50 BRT" duration-ms="34" status="PASS">
          <reporter-output>
          </reporter-output>
        </test-method> <!-- testInsertionInMaster -->
        <test-method signature="verifyCSVFile()[pri:0, instance:OpenMeteoAPITest@3571b748]" started-at="2023-02-24T14:31:50 BRT" name="verifyCSVFile" finished-at="2023-02-24T14:31:52 BRT" duration-ms="1750" status="PASS">
          <reporter-output>
          </reporter-output>
        </test-method> <!-- verifyCSVFile -->
      </class> <!-- OpenMeteoAPITest -->
    </test> <!-- Command line test -->
  </suite> <!-- OpenMeteoAPITest -->
</testng-results>
